<?xml version="1.0" encoding="UTF-8"?>
<!-- Generated by org.testng.reporters.JUnitReportReporter -->
<testsuite skipped="0" hostname="DESKTOP-4CV1PKL" name="runner.BookFlightTest" tests="1" failures="0" timestamp="2021-06-21T06:54:42 IST" time="34.001" errors="0">
  <testcase name="BookingTickets" time="34.001" classname="runner.BookFlightTest"/>
</testsuite> <!-- runner.BookFlightTest -->
